0 info it worked if it ends with ok
1 verbose cli [ '/opt/nodejs/bin/node',
1 verbose cli   '/usr/local/bin/npm',
1 verbose cli   'install',
1 verbose cli   '[-g]',
1 verbose cli   'shelljs' ]
2 info using npm@4.1.2
3 info using node@v7.6.0
4 silly loadCurrentTree Starting
5 silly install loadCurrentTree
6 silly install readLocalPackageData
7 silly fetchPackageMetaData [-g]
8 silly fetchPackageMetaData shelljs
9 silly fetchOtherPackageData [-g]
10 silly cache add args [ '[-g]', null ]
11 verbose cache add spec [-g]
12 silly fetchNamedPackageData shelljs
13 silly mapToRegistry name shelljs
14 silly mapToRegistry using default registry
15 silly mapToRegistry registry https://registry.npmjs.org/
16 silly mapToRegistry data Result {
16 silly mapToRegistry   raw: 'shelljs',
16 silly mapToRegistry   scope: null,
16 silly mapToRegistry   escapedName: 'shelljs',
16 silly mapToRegistry   name: 'shelljs',
16 silly mapToRegistry   rawSpec: '',
16 silly mapToRegistry   spec: 'latest',
16 silly mapToRegistry   type: 'tag' }
17 silly mapToRegistry uri https://registry.npmjs.org/shelljs
18 silly cache add parsed spec Result {
18 silly cache add   raw: '[-g]',
18 silly cache add   scope: null,
18 silly cache add   escapedName: null,
18 silly cache add   name: null,
18 silly cache add   rawSpec: '[-g]',
18 silly cache add   spec: '/home/pi/node_modules/hap-nodejs/[-g]',
18 silly cache add   type: 'local' }
19 verbose request uri https://registry.npmjs.org/shelljs
20 verbose request no auth needed
21 info attempt registry request try #1 at 10:07:12 PM
22 verbose request id 1ffff858246c0540
23 http request GET https://registry.npmjs.org/shelljs
24 error addLocal Could not install /home/pi/node_modules/hap-nodejs/[-g]
25 silly fetchPackageMetaData Error: ENOENT: no such file or directory, open '/home/pi/node_modules/hap-nodejs/[-g]'
25 silly fetchPackageMetaData  error for [-g] { Error: ENOENT: no such file or directory, open '/home/pi/node_modules/hap-nodejs/[-g]'
25 silly fetchPackageMetaData   errno: -2,
25 silly fetchPackageMetaData   code: 'ENOENT',
25 silly fetchPackageMetaData   syscall: 'open',
25 silly fetchPackageMetaData   path: '/home/pi/node_modules/hap-nodejs/[-g]' }
26 http 200 https://registry.npmjs.org/shelljs
27 verbose headers { server: 'nginx/1.10.1',
27 verbose headers   'content-type': 'application/json',
27 verbose headers   'last-modified': 'Thu, 23 Feb 2017 21:10:12 GMT',
27 verbose headers   etag: 'W/"58af4fb4-13824"',
27 verbose headers   'content-encoding': 'gzip',
27 verbose headers   'cache-control': 'max-age=300',
27 verbose headers   'content-length': '15284',
27 verbose headers   'accept-ranges': 'bytes',
27 verbose headers   date: 'Tue, 28 Feb 2017 16:37:12 GMT',
27 verbose headers   via: '1.1 varnish',
27 verbose headers   age: '111',
27 verbose headers   connection: 'keep-alive',
27 verbose headers   'x-served-by': 'cache-sin6926-SIN',
27 verbose headers   'x-cache': 'HIT',
27 verbose headers   'x-cache-hits': '5',
27 verbose headers   'x-timer': 'S1488299832.742718,VS0,VE0',
27 verbose headers   vary: 'Accept-Encoding' }
28 silly get cb [ 200,
28 silly get   { server: 'nginx/1.10.1',
28 silly get     'content-type': 'application/json',
28 silly get     'last-modified': 'Thu, 23 Feb 2017 21:10:12 GMT',
28 silly get     etag: 'W/"58af4fb4-13824"',
28 silly get     'content-encoding': 'gzip',
28 silly get     'cache-control': 'max-age=300',
28 silly get     'content-length': '15284',
28 silly get     'accept-ranges': 'bytes',
28 silly get     date: 'Tue, 28 Feb 2017 16:37:12 GMT',
28 silly get     via: '1.1 varnish',
28 silly get     age: '111',
28 silly get     connection: 'keep-alive',
28 silly get     'x-served-by': 'cache-sin6926-SIN',
28 silly get     'x-cache': 'HIT',
28 silly get     'x-cache-hits': '5',
28 silly get     'x-timer': 'S1488299832.742718,VS0,VE0',
28 silly get     vary: 'Accept-Encoding' } ]
29 verbose get saving shelljs to /root/.npm/registry.npmjs.org/shelljs/.cache.json
30 verbose correctMkdir /root/.npm correctMkdir not in flight; initializing
31 silly rollbackFailedOptional Starting
32 silly rollbackFailedOptional Finishing
33 silly runTopLevelLifecycles Finishing
34 silly install printInstalled
35 verbose stack Error: ENOENT: no such file or directory, open '/home/pi/node_modules/hap-nodejs/[-g]'
36 verbose cwd /home/pi/node_modules/hap-nodejs
37 error Linux 4.9.13-v7+
38 error argv "/opt/nodejs/bin/node" "/usr/local/bin/npm" "install" "[-g]" "shelljs"
39 error node v7.6.0
40 error npm  v4.1.2
41 error path /home/pi/node_modules/hap-nodejs/[-g]
42 error code ENOENT
43 error errno -2
44 error syscall open
45 error enoent ENOENT: no such file or directory, open '/home/pi/node_modules/hap-nodejs/[-g]'
46 error enoent ENOENT: no such file or directory, open '/home/pi/node_modules/hap-nodejs/[-g]'
46 error enoent This is most likely not a problem with npm itself
46 error enoent and is related to npm not being able to find a file.
47 verbose exit [ -2, true ]
